<?xml version="1.0" encoding="UTF-8"?>
<!-- Generated by org.testng.reporters.JUnitReportReporter -->
<testsuite skipped="0" hostname="USER-PC" name="com.test.TestNgBasics" tests="3" failures="0" timestamp="18 Jun 2019 18:59:54 GMT" time="0.010" errors="0">
  <testcase name="searchTest" time="0.003" classname="com.test.TestNgBasics"/>
  <testcase name="googleTitleTest" time="0.005" classname="com.test.TestNgBasics"/>
  <testcase name="googleLogoTest" time="0.002" classname="com.test.TestNgBasics"/>
</testsuite> <!-- com.test.TestNgBasics -->
