<?xml version="1.0" encoding="UTF-8"?>
<!-- Generated by org.testng.reporters.JUnitReportReporter -->
<testsuite skipped="0" hostname="USER-PC" name="com.test.ExceptionTimeOutTest" tests="1" failures="0" timestamp="18 Jun 2019 18:59:54 GMT" time="0.008" errors="0">
  <testcase name="test1" time="0.008" classname="com.test.ExceptionTimeOutTest"/>
</testsuite> <!-- com.test.ExceptionTimeOutTest -->
